<?xml version="1.0" encoding="UTF-8"?>
<!-- Generated by org.testng.reporters.JUnitXMLReporter -->
<testsuite hostname="Sohans-Mac-mini.local" failures="0" tests="1" name="Default test" time="0.211" errors="0" timestamp="6 Sep 2019 07:46:06 GMT">
  <testcase classname="rough.StepsTest" name="@BeforeSuite startAppiumServer" time="0.0">
    <failure type="org.testng.TestNGException" message="
Parameter &amp;apos;platformType&amp;apos; is required by @Configuration on method startAppiumServer but has not been marked @Optional or defined
in /private/var/folders/mk/j6k39nq52jj5z6_lvv3psstc0000gn/T/testng-eclipse-972110252/testng-customsuite.xml">
      <![CDATA[org.testng.TestNGException: 
Parameter 'platformType' is required by @Configuration on method startAppiumServer but has not been marked @Optional or defined
in /private/var/folders/mk/j6k39nq52jj5z6_lvv3psstc0000gn/T/testng-eclipse-972110252/testng-customsuite.xml
	at org.testng.internal.Parameters.createParameters(Parameters.java:148)
	at org.testng.internal.Parameters.createParameters(Parameters.java:361)
	at org.testng.internal.Parameters.createConfigurationParameters(Parameters.java:84)
	at org.testng.internal.Invoker.invokeConfigurations(Invoker.java:197)
	at org.testng.internal.Invoker.invokeConfigurations(Invoker.java:138)
	at org.testng.SuiteRunner.privateRun(SuiteRunner.java:296)
	at org.testng.SuiteRunner.run(SuiteRunner.java:259)
	at org.testng.SuiteRunnerWorker.runSuite(SuiteRunnerWorker.java:52)
	at org.testng.SuiteRunnerWorker.run(SuiteRunnerWorker.java:86)
	at org.testng.TestNG.runSuitesSequentially(TestNG.java:1185)
	at org.testng.TestNG.runSuitesLocally(TestNG.java:1110)
	at org.testng.TestNG.run(TestNG.java:1018)
	at org.testng.remote.AbstractRemoteTestNG.run(AbstractRemoteTestNG.java:115)
	at org.testng.remote.RemoteTestNG.initAndRun(RemoteTestNG.java:251)
	at org.testng.remote.RemoteTestNG.main(RemoteTestNG.java:77)
]]>
    </failure>
  </testcase> <!-- @BeforeSuite startAppiumServer -->
  <testcase classname="rough.StepsTest" name="registrationStepsTest" time="0.091">
    <skipped/>
  </testcase> <!-- registrationStepsTest -->
</testsuite> <!-- Default test -->
