<?xml version="1.0" encoding="UTF-8"?>
<testsuite name="E2E Test Suite On Android - Pixel"
           tests="1"
           failures="1"
           errors="0"
           skipped="0"
           time="0.211">
  <properties />
            <testcase name="bannersclick" time="0.211" classname="tests.BannersTest">
                <failure type="java.lang.IllegalArgumentException"
                  message="Can not set io.appium.java_client.MobileElement field com.bluetie.PageObjects.Banners.banner1HeaderText to com.sun.proxy.$Proxy19"
              >
<![CDATA[java.lang.IllegalArgumentException: Can not set io.appium.java_client.MobileElement field com.bluetie.PageObjects.Banners.banner1HeaderText to com.sun.proxy.$Proxy19
  sun.reflect.UnsafeFieldAccessorImpl.throwSetIllegalArgumentException(UnsafeFieldAccessorImpl.java:167)
  sun.reflect.UnsafeFieldAccessorImpl.throwSetIllegalArgumentException(UnsafeFieldAccessorImpl.java:171)
  sun.reflect.UnsafeObjectFieldAccessorImpl.set(UnsafeObjectFieldAccessorImpl.java:81)
  java.lang.reflect.Field.set(Field.java:764)
  org.openqa.selenium.support.PageFactory.proxyFields(PageFactory.java:117)
  org.openqa.selenium.support.PageFactory.initElements(PageFactory.java:105)
  org.openqa.selenium.support.PageFactory.initElements(PageFactory.java:92)
  org.openqa.selenium.support.PageFactory.initElements(PageFactory.java:79)
  com.bluetie.PageObjects.Banners.<init>(Banners.java:42)
  tests.BannersTest.bannersclick(BannersTest.java:16)
  sun.reflect.NativeMethodAccessorImpl.invoke0(Native Method)
  sun.reflect.NativeMethodAccessorImpl.invoke(NativeMethodAccessorImpl.java:62)
  sun.reflect.DelegatingMethodAccessorImpl.invoke(DelegatingMethodAccessorImpl.java:43)
  java.lang.reflect.Method.invoke(Method.java:498)
  org.testng.internal.MethodInvocationHelper.invokeMethod(MethodInvocationHelper.java:85)
  org.testng.internal.Invoker.invokeMethod(Invoker.java:639)
  org.testng.internal.Invoker.invokeTestMethod(Invoker.java:821)
  org.testng.internal.Invoker.invokeTestMethods(Invoker.java:1131)
  org.testng.internal.TestMethodWorker.invokeTestMethods(TestMethodWorker.java:124)
  org.testng.internal.TestMethodWorker.run(TestMethodWorker.java:108)
  org.testng.TestRunner.privateRun(TestRunner.java:773)
  org.testng.TestRunner.run(TestRunner.java:623)
  org.testng.SuiteRunner.runTest(SuiteRunner.java:357)
  org.testng.SuiteRunner.runSequentially(SuiteRunner.java:352)
  org.testng.SuiteRunner.privateRun(SuiteRunner.java:310)
  org.testng.SuiteRunner.run(SuiteRunner.java:259)
  org.testng.SuiteRunnerWorker.runSuite(SuiteRunnerWorker.java:52)
  org.testng.SuiteRunnerWorker.run(SuiteRunnerWorker.java:86)
  org.testng.TestNG.runSuitesSequentially(TestNG.java:1185)
  org.testng.TestNG.runSuitesLocally(TestNG.java:1110)
  org.testng.TestNG.run(TestNG.java:1018)
  org.testng.remote.AbstractRemoteTestNG.run(AbstractRemoteTestNG.java:115)
  org.testng.remote.RemoteTestNG.initAndRun(RemoteTestNG.java:251)
  org.testng.remote.RemoteTestNG.main(RemoteTestNG.java:77)
]]>
      </failure>

          </testcase>
  
  
  
</testsuite>
